<?xml version="1.0" encoding="UTF-8"?>
<testng-results ignored="0" total="1" passed="1" failed="0" skipped="0">
  <reporter-output>
  </reporter-output>
  <suite started-at="2023-07-25T17:19:34 IST" name="Default suite" finished-at="2023-07-25T17:20:12 IST" duration-ms="38084">
    <groups>
    </groups>
    <test started-at="2023-07-25T17:19:34 IST" name="Default test" finished-at="2023-07-25T17:20:12 IST" duration-ms="38084">
      <class name="test.CreateTest">
        <test-method is-config="true" signature="setup()[pri:0, instance:test.CreateTest@235ecd9f]" started-at="2023-07-25T17:19:34 IST" name="setup" finished-at="2023-07-25T17:19:46 IST" duration-ms="11969" status="PASS">
          <reporter-output>
          </reporter-output>
        </test-method> <!-- setup -->
        <test-method signature="testing()[pri:0, instance:test.CreateTest@235ecd9f]" started-at="2023-07-25T17:19:46 IST" name="testing" finished-at="2023-07-25T17:20:12 IST" duration-ms="26010" status="PASS">
          <reporter-output>
          </reporter-output>
        </test-method> <!-- testing -->
      </class> <!-- test.CreateTest -->
    </test> <!-- Default test -->
  </suite> <!-- Default suite -->
</testng-results>
